<?xml version="1.0" encoding="UTF-8"?>
<!-- Generated by org.testng.reporters.JUnitReportReporter -->
<testsuite skipped="0" hostname="MAA-5CG922415R" name="pages.Offerlisting" tests="1" failures="0" timestamp="2021-10-26T13:05:29 IST" time="50.223" errors="0">
  <testcase name="listingOffer" time="50.223" classname="pages.Offerlisting"/>
  <system-out/>
</testsuite> <!-- pages.Offerlisting -->
